2025-06-17 14:12:35 INFO  LoginTestDDT:104 - Driver for chrome is initialized and launched
2025-06-17 14:12:36 INFO  LoginTestDDT:14 - ========== Starting Test -> Test_LoginDDT ===============
2025-06-17 14:12:41 INFO  LoginTestDDT:26 - Entered username as jJfTLF3@gmail.com and password as aEzbJue@14043
2025-06-17 14:12:41 INFO  LoginTestDDT:35 - Signed in successfully from the login page
2025-06-17 14:12:43 INFO  LoginTestDDT:37 - Logged Out Successfully
2025-06-17 14:12:43 INFO  LoginTestDDT:59 - ========== Test -> Test_LoginDDT Ended ===============
2025-06-17 14:12:43 INFO  LoginTestDDT:14 - ========== Starting Test -> Test_LoginDDT ===============
2025-06-17 14:12:45 INFO  LoginTestDDT:26 - Entered username as SrZwVm1@gmail.com and password as zteogYr@15249
2025-06-17 14:12:46 INFO  LoginTestDDT:35 - Signed in successfully from the login page
2025-06-17 14:12:48 INFO  LoginTestDDT:37 - Logged Out Successfully
2025-06-17 14:12:48 INFO  LoginTestDDT:59 - ========== Test -> Test_LoginDDT Ended ===============
2025-06-17 14:12:48 INFO  LoginTestDDT:14 - ========== Starting Test -> Test_LoginDDT ===============
2025-06-17 14:12:51 INFO  LoginTestDDT:26 - Entered username as CQMKSC2@gmail.com and password as 
2025-06-17 14:12:51 INFO  LoginTestDDT:43 - Showed following message for password => Password is required.
2025-06-17 14:12:51 INFO  LoginTestDDT:59 - ========== Test -> Test_LoginDDT Ended ===============
2025-06-17 14:12:51 INFO  LoginTestDDT:14 - ========== Starting Test -> Test_LoginDDT ===============
2025-06-17 14:12:54 INFO  LoginTestDDT:26 - Entered username as  and password as gamArhF@03809
2025-06-17 14:12:55 INFO  LoginTestDDT:49 - Showed following message for email => An email address required.
2025-06-17 14:12:55 INFO  LoginTestDDT:59 - ========== Test -> Test_LoginDDT Ended ===============
2025-06-17 14:12:55 INFO  LoginTestDDT:14 - ========== Starting Test -> Test_LoginDDT ===============
2025-06-17 14:12:57 INFO  LoginTestDDT:26 - Entered username as rjtechitouttesting@gmail.com and password as gamArhF@03809
2025-06-17 14:12:58 INFO  LoginTestDDT:55 - Showed following message for authentication => Authentication failed.
2025-06-17 14:12:58 INFO  LoginTestDDT:59 - ========== Test -> Test_LoginDDT Ended ===============
2025-06-17 14:12:58 INFO  LoginTestDDT:110 - Driver is closed
2025-06-17 20:46:40 INFO  LoginTestDDT:104 - Driver for chrome is initialized and launched
2025-06-17 20:46:42 INFO  LoginTestDDT:14 - ========== Starting Test -> Test_LoginDDT ===============
2025-06-17 20:46:44 INFO  LoginTestDDT:26 - Entered username as jJfTLF3@gmail.com and password as aEzbJue@14043
2025-06-17 20:46:46 INFO  LoginTestDDT:35 - Signed in successfully from the login page
2025-06-17 20:46:47 INFO  LoginTestDDT:37 - Logged Out Successfully
2025-06-17 20:46:47 INFO  LoginTestDDT:59 - ========== Test -> Test_LoginDDT Ended ===============
2025-06-17 20:46:47 INFO  LoginTestDDT:14 - ========== Starting Test -> Test_LoginDDT ===============
2025-06-17 20:46:49 INFO  LoginTestDDT:26 - Entered username as SrZwVm1@gmail.com and password as zteogYr@15249
2025-06-17 20:46:51 INFO  LoginTestDDT:35 - Signed in successfully from the login page
2025-06-17 20:46:52 INFO  LoginTestDDT:37 - Logged Out Successfully
2025-06-17 20:46:52 INFO  LoginTestDDT:59 - ========== Test -> Test_LoginDDT Ended ===============
2025-06-17 20:46:52 INFO  LoginTestDDT:14 - ========== Starting Test -> Test_LoginDDT ===============
2025-06-17 20:46:54 INFO  LoginTestDDT:26 - Entered username as CQMKSC2@gmail.com and password as 
2025-06-17 20:46:56 INFO  LoginTestDDT:43 - Showed following message for password => Password is required.
2025-06-17 20:46:56 INFO  LoginTestDDT:59 - ========== Test -> Test_LoginDDT Ended ===============
2025-06-17 20:46:56 INFO  LoginTestDDT:14 - ========== Starting Test -> Test_LoginDDT ===============
2025-06-17 20:46:58 INFO  LoginTestDDT:26 - Entered username as  and password as gamArhF@03809
2025-06-17 20:46:59 INFO  LoginTestDDT:49 - Showed following message for email => An email address required.
2025-06-17 20:46:59 INFO  LoginTestDDT:59 - ========== Test -> Test_LoginDDT Ended ===============
2025-06-17 20:46:59 INFO  LoginTestDDT:14 - ========== Starting Test -> Test_LoginDDT ===============
2025-06-17 20:47:01 INFO  LoginTestDDT:26 - Entered username as rjtechitouttesting@gmail.com and password as gamArhF@03809
2025-06-17 20:47:01 INFO  LoginTestDDT:55 - Showed following message for authentication => Authentication failed.
2025-06-17 20:47:01 INFO  LoginTestDDT:59 - ========== Test -> Test_LoginDDT Ended ===============
2025-06-17 20:47:02 INFO  LoginTestDDT:110 - Driver is closed
2025-06-17 21:41:59 INFO  LoginTestDDT:104 - Driver for chrome is initialized and launched
2025-06-17 21:42:00 INFO  LoginTestDDT:14 - ========== Starting Test -> Test_LoginDDT ===============
2025-06-17 21:42:03 INFO  LoginTestDDT:26 - Entered username as jJfTLF3@gmail.com and password as aEzbJue@14043
2025-06-17 21:42:03 INFO  LoginTestDDT:35 - Signed in successfully from the login page
2025-06-17 21:42:04 INFO  LoginTestDDT:37 - Logged Out Successfully
2025-06-17 21:42:04 INFO  LoginTestDDT:59 - ========== Test -> Test_LoginDDT Ended ===============
2025-06-17 21:42:04 INFO  LoginTestDDT:14 - ========== Starting Test -> Test_LoginDDT ===============
2025-06-17 21:42:07 INFO  LoginTestDDT:26 - Entered username as SrZwVm1@gmail.com and password as zteogYr@15249
2025-06-17 21:42:07 INFO  LoginTestDDT:35 - Signed in successfully from the login page
2025-06-17 21:42:08 INFO  LoginTestDDT:37 - Logged Out Successfully
2025-06-17 21:42:08 INFO  LoginTestDDT:59 - ========== Test -> Test_LoginDDT Ended ===============
2025-06-17 21:42:08 INFO  LoginTestDDT:14 - ========== Starting Test -> Test_LoginDDT ===============
2025-06-17 21:42:11 INFO  LoginTestDDT:26 - Entered username as CQMKSC2@gmail.com and password as 
2025-06-17 21:42:11 INFO  LoginTestDDT:43 - Showed following message for password => Password is required.
2025-06-17 21:42:11 INFO  LoginTestDDT:59 - ========== Test -> Test_LoginDDT Ended ===============
2025-06-17 21:42:11 INFO  LoginTestDDT:14 - ========== Starting Test -> Test_LoginDDT ===============
2025-06-17 21:42:12 INFO  LoginTestDDT:26 - Entered username as  and password as gamArhF@03809
2025-06-17 21:42:14 INFO  LoginTestDDT:49 - Showed following message for email => An email address required.
2025-06-17 21:42:14 INFO  LoginTestDDT:59 - ========== Test -> Test_LoginDDT Ended ===============
2025-06-17 21:42:14 INFO  LoginTestDDT:14 - ========== Starting Test -> Test_LoginDDT ===============
2025-06-17 21:42:15 INFO  LoginTestDDT:26 - Entered username as rjtechitouttesting@gmail.com and password as gamArhF@03809
2025-06-17 21:42:15 INFO  LoginTestDDT:55 - Showed following message for authentication => Authentication failed.
2025-06-17 21:42:15 INFO  LoginTestDDT:59 - ========== Test -> Test_LoginDDT Ended ===============
2025-06-17 21:42:16 INFO  LoginTestDDT:111 - Driver is closed
2025-06-17 21:53:31 INFO  TestLoginDDT:104 - Driver for chrome is initialized and launched
2025-06-17 21:53:33 INFO  TestLoginDDT:14 - ========== Starting Test -> Test_LoginDDT ===============
2025-06-17 21:53:35 INFO  TestLoginDDT:26 - Entered username as jJfTLF3@gmail.com and password as aEzbJue@14043
2025-06-17 21:53:37 INFO  TestLoginDDT:35 - Signed in successfully from the login page
2025-06-17 21:53:38 INFO  TestLoginDDT:37 - Logged Out Successfully
2025-06-17 21:53:38 INFO  TestLoginDDT:59 - ========== Test -> Test_LoginDDT Ended ===============
2025-06-17 21:53:38 INFO  TestLoginDDT:14 - ========== Starting Test -> Test_LoginDDT ===============
2025-06-17 21:53:41 INFO  TestLoginDDT:26 - Entered username as SrZwVm1@gmail.com and password as zteogYr@15249
2025-06-17 21:53:41 INFO  TestLoginDDT:35 - Signed in successfully from the login page
2025-06-17 21:53:43 INFO  TestLoginDDT:37 - Logged Out Successfully
2025-06-17 21:53:43 INFO  TestLoginDDT:59 - ========== Test -> Test_LoginDDT Ended ===============
2025-06-17 21:53:43 INFO  TestLoginDDT:14 - ========== Starting Test -> Test_LoginDDT ===============
2025-06-17 21:53:45 INFO  TestLoginDDT:26 - Entered username as CQMKSC2@gmail.com and password as 
2025-06-17 21:53:45 INFO  TestLoginDDT:43 - Showed following message for password => Password is required.
2025-06-17 21:53:45 INFO  TestLoginDDT:59 - ========== Test -> Test_LoginDDT Ended ===============
2025-06-17 21:53:45 INFO  TestLoginDDT:14 - ========== Starting Test -> Test_LoginDDT ===============
2025-06-17 21:53:47 INFO  TestLoginDDT:26 - Entered username as  and password as gamArhF@03809
2025-06-17 21:53:47 INFO  TestLoginDDT:49 - Showed following message for email => An email address required.
2025-06-17 21:53:47 INFO  TestLoginDDT:59 - ========== Test -> Test_LoginDDT Ended ===============
2025-06-17 21:53:47 INFO  TestLoginDDT:14 - ========== Starting Test -> Test_LoginDDT ===============
2025-06-17 21:53:50 INFO  TestLoginDDT:26 - Entered username as rjtechitouttesting@gmail.com and password as gamArhF@03809
2025-06-17 21:53:50 INFO  TestLoginDDT:55 - Showed following message for authentication => Authentication failed.
2025-06-17 21:53:50 INFO  TestLoginDDT:59 - ========== Test -> Test_LoginDDT Ended ===============
2025-06-17 21:53:51 INFO  TestLoginDDT:111 - Driver is closed
